<?xml version="1.0" encoding="UTF-8"?>
<testng-results skipped="0" failed="0" total="1" passed="1">
  <reporter-output>
  </reporter-output>
  <suite name="Demo_suite_1" duration-ms="62930" started-at="2016-11-09T06:04:15Z" finished-at="2016-11-09T06:05:18Z">
    <groups>
    </groups>
    <test name="Regression_suite 1" duration-ms="62930" started-at="2016-11-09T06:04:15Z" finished-at="2016-11-09T06:05:18Z">
      <class name="com.ratecity.homeloan.automationFramework.test.Homepage_Test">
        <test-method status="PASS" signature="testReport()[pri:0, instance:com.ratecity.homeloan.automationFramework.test.Homepage_Test@14bf9759]" name="testReport" is-config="true" duration-ms="245" started-at="2016-11-09T11:34:15Z" finished-at="2016-11-09T11:34:15Z">
          <reporter-output>
          </reporter-output>
        </test-method> <!-- testReport -->
        <test-method status="PASS" signature="fn_Launchbrowser()[pri:0, instance:com.ratecity.homeloan.automationFramework.test.Homepage_Test@14bf9759]" name="fn_Launchbrowser" is-config="true" duration-ms="38900" started-at="2016-11-09T11:34:15Z" finished-at="2016-11-09T11:34:54Z">
          <reporter-output>
          </reporter-output>
        </test-method> <!-- fn_Launchbrowser -->
        <test-method status="PASS" signature="fn_VerifyHomeLoanLandingPage()[pri:1, instance:com.ratecity.homeloan.automationFramework.test.Homepage_Test@14bf9759]" name="fn_VerifyHomeLoanLandingPage" duration-ms="23940" started-at="2016-11-09T11:34:54Z" finished-at="2016-11-09T11:35:18Z">
          <reporter-output>
          </reporter-output>
        </test-method> <!-- fn_VerifyHomeLoanLandingPage -->
        <test-method status="PASS" signature="fn_closebrowser(org.testng.ITestResult)[pri:0, instance:com.ratecity.homeloan.automationFramework.test.Homepage_Test@14bf9759]" name="fn_closebrowser" is-config="true" duration-ms="76" started-at="2016-11-09T11:35:18Z" finished-at="2016-11-09T11:35:18Z">
          <params>
            <param index="0">
              <value>
                <![CDATA[[TestResult name=fn_VerifyHomeLoanLandingPage status=SUCCESS method=Homepage_Test.fn_VerifyHomeLoanLandingPage()[pri:1, instance:com.ratecity.homeloan.automationFramework.test.Homepage_Test@14bf9759] output={null}]]]>
              </value>
            </param>
          </params>
          <reporter-output>
          </reporter-output>
        </test-method> <!-- fn_closebrowser -->
        <test-method status="PASS" signature="testtearDown()[pri:0, instance:com.ratecity.homeloan.automationFramework.test.Homepage_Test@14bf9759]" name="testtearDown" is-config="true" duration-ms="249" started-at="2016-11-09T11:35:18Z" finished-at="2016-11-09T11:35:18Z">
          <reporter-output>
          </reporter-output>
        </test-method> <!-- testtearDown -->
      </class> <!-- com.ratecity.homeloan.automationFramework.test.Homepage_Test -->
    </test> <!-- Regression_suite 1 -->
  </suite> <!-- Demo_suite_1 -->
</testng-results>
